c:\schoolstuff\y2\3d graphics programming spring 2026\vgp242\04_hellomeshbuffer\x64\debug\vc143.pdb
c:\schoolstuff\y2\3d graphics programming spring 2026\vgp242\04_hellomeshbuffer\x64\debug\vc143.idb
c:\schoolstuff\y2\3d graphics programming spring 2026\vgp242\04_hellomeshbuffer\x64\debug\winmain.obj
c:\schoolstuff\y2\3d graphics programming spring 2026\vgp242\04_hellomeshbuffer\x64\debug\shapestates.obj
c:\schoolstuff\y2\3d graphics programming spring 2026\vgp242\04_hellomeshbuffer\x64\debug\04_hellomeshbuffer.ilk
c:\schoolstuff\y2\3d graphics programming spring 2026\x64\debug\04_hellomeshbuffer.pdb
c:\schoolstuff\y2\3d graphics programming spring 2026\vgp242\04_hellomeshbuffer\x64\debug\04_hello.e7e75430.tlog\cl.command.1.tlog
c:\schoolstuff\y2\3d graphics programming spring 2026\vgp242\04_hellomeshbuffer\x64\debug\04_hello.e7e75430.tlog\cl.items.tlog
c:\schoolstuff\y2\3d graphics programming spring 2026\vgp242\04_hellomeshbuffer\x64\debug\04_hello.e7e75430.tlog\cl.read.1.tlog
c:\schoolstuff\y2\3d graphics programming spring 2026\vgp242\04_hellomeshbuffer\x64\debug\04_hello.e7e75430.tlog\cl.write.1.tlog
c:\schoolstuff\y2\3d graphics programming spring 2026\vgp242\04_hellomeshbuffer\x64\debug\04_hello.e7e75430.tlog\link.47660-cvtres.read.1.tlog
c:\schoolstuff\y2\3d graphics programming spring 2026\vgp242\04_hellomeshbuffer\x64\debug\04_hello.e7e75430.tlog\link.47660-cvtres.write.1.tlog
c:\schoolstuff\y2\3d graphics programming spring 2026\vgp242\04_hellomeshbuffer\x64\debug\04_hello.e7e75430.tlog\link.47660-rc.read.1.tlog
c:\schoolstuff\y2\3d graphics programming spring 2026\vgp242\04_hellomeshbuffer\x64\debug\04_hello.e7e75430.tlog\link.47660-rc.write.1.tlog
c:\schoolstuff\y2\3d graphics programming spring 2026\vgp242\04_hellomeshbuffer\x64\debug\04_hello.e7e75430.tlog\link.47660.read.1.tlog
c:\schoolstuff\y2\3d graphics programming spring 2026\vgp242\04_hellomeshbuffer\x64\debug\04_hello.e7e75430.tlog\link.47660.read.2.tlog
c:\schoolstuff\y2\3d graphics programming spring 2026\vgp242\04_hellomeshbuffer\x64\debug\04_hello.e7e75430.tlog\link.47660.read.3.tlog
c:\schoolstuff\y2\3d graphics programming spring 2026\vgp242\04_hellomeshbuffer\x64\debug\04_hello.e7e75430.tlog\link.47660.read.4.tlog
c:\schoolstuff\y2\3d graphics programming spring 2026\vgp242\04_hellomeshbuffer\x64\debug\04_hello.e7e75430.tlog\link.47660.write.1.tlog
c:\schoolstuff\y2\3d graphics programming spring 2026\vgp242\04_hellomeshbuffer\x64\debug\04_hello.e7e75430.tlog\link.command.1.tlog
c:\schoolstuff\y2\3d graphics programming spring 2026\vgp242\04_hellomeshbuffer\x64\debug\04_hello.e7e75430.tlog\link.read.1.tlog
c:\schoolstuff\y2\3d graphics programming spring 2026\vgp242\04_hellomeshbuffer\x64\debug\04_hello.e7e75430.tlog\link.secondary.1.tlog
c:\schoolstuff\y2\3d graphics programming spring 2026\vgp242\04_hellomeshbuffer\x64\debug\04_hello.e7e75430.tlog\link.write.1.tlog
